<!DOCTYPE html PUBLIC "-//W3C//DTD XHTML 1.1//EN" "http://www.w3.org/TR/xhtml11/DTD/xhtml11.dtd">
<html xmlns="http://www.w3.org/1999/xhtml">
<head>
<meta http-equiv="content-type" content="text/html; charset=UTF-8"/>
<title>TestNG Report</title>
<style type="text/css">table {margin-bottom:10px;border-collapse:collapse;empty-cells:show}th,td {border:1px solid #009;padding:.25em .5em}th {vertical-align:bottom}td {vertical-align:top}table a {font-weight:bold}.stripe td {background-color: #E6EBF9}.num {text-align:right}.passedodd td {background-color: #3F3}.passedeven td {background-color: #0A0}.skippedodd td {background-color: #DDD}.skippedeven td {background-color: #CCC}.failedodd td,.attn {background-color: #F33}.failedeven td,.stripe .attn {background-color: #D00}.stacktrace {white-space:pre;font-family:monospace}.totop {font-size:85%;text-align:center;border-bottom:2px solid #000}.invisible {display:none}</style>
</head>
<body>
<table>
<tr><th>Test</th><th># Passed</th><th># Skipped</th><th># Failed</th><th>Time (ms)</th><th>Included Groups</th><th>Excluded Groups</th></tr>
<tr><th colspan="7">Default suite</th></tr>
<tr><td><a href="#t0">Default test</a></td><td class="num">4</td><td class="num">0</td><td class="num attn">3</td><td class="num">100,950</td><td></td><td></td></tr>
</table>
<table id='summary'><thead><tr><th>Class</th><th>Method</th><th>Start</th><th>Time (ms)</th></tr></thead><tbody><tr><th colspan="4">Default suite</th></tr></tbody><tbody id="t0"><tr><th colspan="4">Default test &#8212; failed</th></tr><tr class="failedeven"><td rowspan="3">com.RM.Main_Scripts.Add_New_User_Main_Test</td><td><a href="#m0">Add_New_user_Data_Entry</a></td><td rowspan="1">1558002707210</td><td rowspan="1">24110</td></tr><tr class="failedeven"><td><a href="#m1">Go_to_Menu</a></td><td rowspan="1">1558002686554</td><td rowspan="1">18202</td></tr><tr class="failedeven"><td><a href="#m2">Mandatory_Check</a></td><td rowspan="1">1558002731323</td><td rowspan="1">23089</td></tr><tr><th colspan="4">Default test &#8212; passed</th></tr><tr class="passedeven"><td rowspan="4">com.RM.Main_Scripts.Add_New_User_Main_Test</td><td><a href="#m3">Add_New_user_Data_Entry</a></td><td rowspan="3">1558002707187</td><td rowspan="3">5</td></tr><tr class="passedeven"><td><a href="#m4">Add_New_user_Data_Entry</a></td></tr><tr class="passedeven"><td><a href="#m5">Add_New_user_Data_Entry</a></td></tr><tr class="passedeven"><td><a href="#m6">tear</a></td><td rowspan="1">1558002754415</td><td rowspan="1">798</td></tr></tbody>
</table>
<h2>Default test</h2><h3 id="m0">com.RM.Main_Scripts.Add_New_User_Main_Test#Add_New_user_Data_Entry</h3><table class="result"><tr class="param"><th>Parameter #1</th><th>Parameter #2</th><th>Parameter #3</th><th>Parameter #4</th><th>Parameter #5</th><th>Parameter #6</th><th>Parameter #7</th><th>Parameter #8</th><th>Parameter #9</th><th>Parameter #10</th><th>Parameter #11</th><th>Parameter #12</th><th>Parameter #13</th><th>Parameter #14</th><th>Parameter #15</th><th>Parameter #16</th><th>Parameter #17</th><th>Parameter #18</th><th>Parameter #19</th><th>Parameter #20</th><th>Parameter #21</th><th>Parameter #22</th><th>Parameter #23</th><th>Parameter #24</th><th>Parameter #25</th><th>Parameter #26</th><th>Parameter #27</th><th>Parameter #28</th><th>Parameter #29</th><th>Parameter #30</th><th>Parameter #31</th><th>Parameter #32</th><th>Parameter #33</th><th>Parameter #34</th><th>Parameter #35</th><th>Parameter #36</th><th>Parameter #37</th><th>Parameter #38</th><th>Parameter #39</th><th>Parameter #40</th><th>Parameter #41</th><th>Parameter #42</th><th>Parameter #43</th><th>Parameter #44</th><th>Parameter #45</th><th>Parameter #46</th><th>Parameter #47</th><th>Parameter #48</th><th>Parameter #49</th><th>Parameter #50</th><th>Parameter #51</th><th>Parameter #52</th><th>Parameter #53</th><th>Parameter #54</th><th>Parameter #55</th><th>Parameter #56</th><th>Parameter #57</th></tr><tr class="param stripe"><td>Y</td><td>Add Other Detials</td><td>Add User and ContactInfo Detials</td><td>AUTOTEST7</td><td>Mr.</td><td>No</td><td>AutoSeven</td><td>Middle</td><td>LastOne</td><td>AutomaticOne</td><td>AUTOTEST7</td><td>11257781</td><td>11257781</td><td>3/1/2017</td><td>Y</td><td>3/1/2017</td><td>Resi Mortgage Default</td><td>FNMA</td><td>New</td><td>ASD</td><td>Associate</td><td>SA-Babcock</td><td>Training-Seat</td><td>Automation</td><td>New123</td><td>Service Provider</td><td>OJT</td><td>3/1/2017</td><td>autoeven.guy</td><td>aufisixo.guy</td><td>Y</td><td>new123$</td><td>Y</td><td>Y</td><td>Work</td><td>autoeven.guy@acc.in</td><td>Y</td><td>WORK</td><td>123</td><td>123</td><td>12</td><td>Y</td><td>WORK</td><td>ABCD</td><td>ABCD</td><td>ABCD</td><td>ABCD</td><td>ABCD</td><td>ABCD</td><td>123123</td><td>Y</td><td>3-3-1995</td><td>Married</td><td>3-3-2023</td><td>1232131</td><td>autoeven.guy</td><td>abc,adf</td></tr><tr><th colspan="57">Exception</th></tr><tr><td colspan="57"><div class="stacktrace">org.openqa.selenium.WebDriverException: chrome not reachable
  (Session info: chrome=74.0.3729.157)
  (Driver info: chromedriver=74.0.3729.6 (255758eccf3d244491b8a1317aa76e1ce10d57e9-refs/branch-heads/3729@{#29}),platform=Windows NT 10.0.17763 x86_64) (WARNING: The server did not provide any stacktrace information)
Command duration or timeout: 0 milliseconds
Build info: version: &apos;3.141.59&apos;, revision: &apos;e82be7d358&apos;, time: &apos;2018-11-14T08:17:03&apos;
System info: host: &apos;M5-D-HY7VXJ2&apos;, ip: &apos;10.214.205.176&apos;, os.name: &apos;Windows 10&apos;, os.arch: &apos;amd64&apos;, os.version: &apos;10.0&apos;, java.version: &apos;1.8.0_171&apos;
Driver info: org.openqa.selenium.chrome.ChromeDriver
Capabilities {acceptInsecureCerts: false, acceptSslCerts: false, applicationCacheEnabled: false, browserConnectionEnabled: false, browserName: chrome, chrome: {chromedriverVersion: 74.0.3729.6 (255758eccf3d24..., userDataDir: C:\Users\ANEESI~1.SHA\AppDa...}, cssSelectorsEnabled: true, databaseEnabled: false, goog:chromeOptions: {debuggerAddress: localhost:55490}, handlesAlerts: true, hasTouchScreen: false, javascriptEnabled: true, locationContextEnabled: true, mobileEmulationEnabled: false, nativeEvents: true, networkConnectionEnabled: false, pageLoadStrategy: normal, platform: XP, platformName: XP, proxy: Proxy(), rotatable: false, setWindowRect: true, strictFileInteractability: false, takesHeapSnapshot: true, takesScreenshot: true, timeouts: {implicit: 0, pageLoad: 300000, script: 30000}, unexpectedAlertBehaviour: ignore, unhandledPromptBehavior: ignore, version: 74.0.3729.157, webStorageEnabled: true}
Session ID: 32e776920e1e13751037f10eefe43248
	at sun.reflect.NativeConstructorAccessorImpl.newInstance0(Native Method)
	at sun.reflect.NativeConstructorAccessorImpl.newInstance(NativeConstructorAccessorImpl.java:62)
	at sun.reflect.DelegatingConstructorAccessorImpl.newInstance(DelegatingConstructorAccessorImpl.java:45)
	at java.lang.reflect.Constructor.newInstance(Constructor.java:423)
	at org.openqa.selenium.remote.ErrorHandler.createThrowable(ErrorHandler.java:214)
	at org.openqa.selenium.remote.ErrorHandler.throwIfResponseFailed(ErrorHandler.java:166)
	at org.openqa.selenium.remote.http.JsonHttpResponseCodec.reconstructValue(JsonHttpResponseCodec.java:40)
	at org.openqa.selenium.remote.http.AbstractHttpResponseCodec.decode(AbstractHttpResponseCodec.java:80)
	at org.openqa.selenium.remote.http.AbstractHttpResponseCodec.decode(AbstractHttpResponseCodec.java:44)
	at org.openqa.selenium.remote.HttpCommandExecutor.execute(HttpCommandExecutor.java:158)
	at org.openqa.selenium.remote.service.DriverCommandExecutor.execute(DriverCommandExecutor.java:83)
	at org.openqa.selenium.remote.RemoteWebDriver.execute(RemoteWebDriver.java:552)
	at org.openqa.selenium.remote.RemoteWebDriver.execute(RemoteWebDriver.java:609)
	at org.openqa.selenium.remote.RemoteWebDriver.getScreenshotAs(RemoteWebDriver.java:295)
	at com.RM.Generic.GenericMethods2.captureScreenshot(GenericMethods2.java:1053)
	at com.RM.Generic.GenericMethods2.logFail(GenericMethods2.java:119)
	at com.RM.Main_Scripts.Add_New_User_Main_Test.Add_New_user_Data_Entry(Add_New_User_Main_Test.java:274)
	at sun.reflect.NativeMethodAccessorImpl.invoke0(Native Method)
	at sun.reflect.NativeMethodAccessorImpl.invoke(NativeMethodAccessorImpl.java:62)
	at sun.reflect.DelegatingMethodAccessorImpl.invoke(DelegatingMethodAccessorImpl.java:43)
	at java.lang.reflect.Method.invoke(Method.java:498)
	at org.testng.internal.MethodInvocationHelper.invokeMethod(MethodInvocationHelper.java:124)
	at org.testng.internal.Invoker.invokeMethod(Invoker.java:580)
	at org.testng.internal.Invoker.invokeTestMethod(Invoker.java:716)
	at org.testng.internal.Invoker.invokeTestMethods(Invoker.java:988)
	at org.testng.internal.TestMethodWorker.invokeTestMethods(TestMethodWorker.java:125)
	at org.testng.internal.TestMethodWorker.run(TestMethodWorker.java:109)
	at org.testng.TestRunner.privateRun(TestRunner.java:648)
	at org.testng.TestRunner.run(TestRunner.java:505)
	at org.testng.SuiteRunner.runTest(SuiteRunner.java:455)
	at org.testng.SuiteRunner.runSequentially(SuiteRunner.java:450)
	at org.testng.SuiteRunner.privateRun(SuiteRunner.java:415)
	at org.testng.SuiteRunner.run(SuiteRunner.java:364)
	at org.testng.SuiteRunnerWorker.runSuite(SuiteRunnerWorker.java:52)
	at org.testng.SuiteRunnerWorker.run(SuiteRunnerWorker.java:84)
	at org.testng.TestNG.runSuitesSequentially(TestNG.java:1208)
	at org.testng.TestNG.runSuitesLocally(TestNG.java:1137)
	at org.testng.TestNG.runSuites(TestNG.java:1049)
	at org.testng.TestNG.run(TestNG.java:1017)
	at org.testng.remote.AbstractRemoteTestNG.run(AbstractRemoteTestNG.java:114)
	at org.testng.remote.RemoteTestNG.initAndRun(RemoteTestNG.java:251)
	at org.testng.remote.RemoteTestNG.main(RemoteTestNG.java:77)
</div></td></tr></table><p class="totop"><a href="#summary">back to summary</a></p>
<h3 id="m1">com.RM.Main_Scripts.Add_New_User_Main_Test#Go_to_Menu</h3><table class="result"><tr><th>Exception</th></tr><tr><td><div class="stacktrace">org.openqa.selenium.WebDriverException: chrome not reachable
  (Session info: chrome=74.0.3729.157)
  (Driver info: chromedriver=74.0.3729.6 (255758eccf3d244491b8a1317aa76e1ce10d57e9-refs/branch-heads/3729@{#29}),platform=Windows NT 10.0.17763 x86_64) (WARNING: The server did not provide any stacktrace information)
Command duration or timeout: 0 milliseconds
Build info: version: &apos;3.141.59&apos;, revision: &apos;e82be7d358&apos;, time: &apos;2018-11-14T08:17:03&apos;
System info: host: &apos;M5-D-HY7VXJ2&apos;, ip: &apos;10.214.205.176&apos;, os.name: &apos;Windows 10&apos;, os.arch: &apos;amd64&apos;, os.version: &apos;10.0&apos;, java.version: &apos;1.8.0_171&apos;
Driver info: org.openqa.selenium.chrome.ChromeDriver
Capabilities {acceptInsecureCerts: false, acceptSslCerts: false, applicationCacheEnabled: false, browserConnectionEnabled: false, browserName: chrome, chrome: {chromedriverVersion: 74.0.3729.6 (255758eccf3d24..., userDataDir: C:\Users\ANEESI~1.SHA\AppDa...}, cssSelectorsEnabled: true, databaseEnabled: false, goog:chromeOptions: {debuggerAddress: localhost:55490}, handlesAlerts: true, hasTouchScreen: false, javascriptEnabled: true, locationContextEnabled: true, mobileEmulationEnabled: false, nativeEvents: true, networkConnectionEnabled: false, pageLoadStrategy: normal, platform: XP, platformName: XP, proxy: Proxy(), rotatable: false, setWindowRect: true, strictFileInteractability: false, takesHeapSnapshot: true, takesScreenshot: true, timeouts: {implicit: 0, pageLoad: 300000, script: 30000}, unexpectedAlertBehaviour: ignore, unhandledPromptBehavior: ignore, version: 74.0.3729.157, webStorageEnabled: true}
Session ID: 32e776920e1e13751037f10eefe43248
	at sun.reflect.NativeConstructorAccessorImpl.newInstance0(Native Method)
	at sun.reflect.NativeConstructorAccessorImpl.newInstance(NativeConstructorAccessorImpl.java:62)
	at sun.reflect.DelegatingConstructorAccessorImpl.newInstance(DelegatingConstructorAccessorImpl.java:45)
	at java.lang.reflect.Constructor.newInstance(Constructor.java:423)
	at org.openqa.selenium.remote.ErrorHandler.createThrowable(ErrorHandler.java:214)
	at org.openqa.selenium.remote.ErrorHandler.throwIfResponseFailed(ErrorHandler.java:166)
	at org.openqa.selenium.remote.http.JsonHttpResponseCodec.reconstructValue(JsonHttpResponseCodec.java:40)
	at org.openqa.selenium.remote.http.AbstractHttpResponseCodec.decode(AbstractHttpResponseCodec.java:80)
	at org.openqa.selenium.remote.http.AbstractHttpResponseCodec.decode(AbstractHttpResponseCodec.java:44)
	at org.openqa.selenium.remote.HttpCommandExecutor.execute(HttpCommandExecutor.java:158)
	at org.openqa.selenium.remote.service.DriverCommandExecutor.execute(DriverCommandExecutor.java:83)
	at org.openqa.selenium.remote.RemoteWebDriver.execute(RemoteWebDriver.java:552)
	at org.openqa.selenium.remote.RemoteWebDriver.execute(RemoteWebDriver.java:609)
	at org.openqa.selenium.remote.RemoteWebDriver.getScreenshotAs(RemoteWebDriver.java:295)
	at com.RM.Generic.GenericMethods2.captureScreenshot(GenericMethods2.java:1053)
	at com.RM.Generic.GenericMethods2.logFail(GenericMethods2.java:119)
	at com.RM.Main_Scripts.Add_New_User_Main_Test.Go_to_Menu(Add_New_User_Main_Test.java:51)
	at sun.reflect.NativeMethodAccessorImpl.invoke0(Native Method)
	at sun.reflect.NativeMethodAccessorImpl.invoke(NativeMethodAccessorImpl.java:62)
	at sun.reflect.DelegatingMethodAccessorImpl.invoke(DelegatingMethodAccessorImpl.java:43)
	at java.lang.reflect.Method.invoke(Method.java:498)
	at org.testng.internal.MethodInvocationHelper.invokeMethod(MethodInvocationHelper.java:124)
	at org.testng.internal.Invoker.invokeMethod(Invoker.java:580)
	at org.testng.internal.Invoker.invokeTestMethod(Invoker.java:716)
	at org.testng.internal.Invoker.invokeTestMethods(Invoker.java:988)
	at org.testng.internal.TestMethodWorker.invokeTestMethods(TestMethodWorker.java:125)
	at org.testng.internal.TestMethodWorker.run(TestMethodWorker.java:109)
	at org.testng.TestRunner.privateRun(TestRunner.java:648)
	at org.testng.TestRunner.run(TestRunner.java:505)
	at org.testng.SuiteRunner.runTest(SuiteRunner.java:455)
	at org.testng.SuiteRunner.runSequentially(SuiteRunner.java:450)
	at org.testng.SuiteRunner.privateRun(SuiteRunner.java:415)
	at org.testng.SuiteRunner.run(SuiteRunner.java:364)
	at org.testng.SuiteRunnerWorker.runSuite(SuiteRunnerWorker.java:52)
	at org.testng.SuiteRunnerWorker.run(SuiteRunnerWorker.java:84)
	at org.testng.TestNG.runSuitesSequentially(TestNG.java:1208)
	at org.testng.TestNG.runSuitesLocally(TestNG.java:1137)
	at org.testng.TestNG.runSuites(TestNG.java:1049)
	at org.testng.TestNG.run(TestNG.java:1017)
	at org.testng.remote.AbstractRemoteTestNG.run(AbstractRemoteTestNG.java:114)
	at org.testng.remote.RemoteTestNG.initAndRun(RemoteTestNG.java:251)
	at org.testng.remote.RemoteTestNG.main(RemoteTestNG.java:77)
</div></td></tr></table><p class="totop"><a href="#summary">back to summary</a></p>
<h3 id="m2">com.RM.Main_Scripts.Add_New_User_Main_Test#Mandatory_Check</h3><table class="result"><tr><th>Exception</th></tr><tr><td><div class="stacktrace">org.openqa.selenium.WebDriverException: chrome not reachable
  (Session info: chrome=74.0.3729.157)
  (Driver info: chromedriver=74.0.3729.6 (255758eccf3d244491b8a1317aa76e1ce10d57e9-refs/branch-heads/3729@{#29}),platform=Windows NT 10.0.17763 x86_64) (WARNING: The server did not provide any stacktrace information)
Command duration or timeout: 0 milliseconds
Build info: version: &apos;3.141.59&apos;, revision: &apos;e82be7d358&apos;, time: &apos;2018-11-14T08:17:03&apos;
System info: host: &apos;M5-D-HY7VXJ2&apos;, ip: &apos;10.214.205.176&apos;, os.name: &apos;Windows 10&apos;, os.arch: &apos;amd64&apos;, os.version: &apos;10.0&apos;, java.version: &apos;1.8.0_171&apos;
Driver info: org.openqa.selenium.chrome.ChromeDriver
Capabilities {acceptInsecureCerts: false, acceptSslCerts: false, applicationCacheEnabled: false, browserConnectionEnabled: false, browserName: chrome, chrome: {chromedriverVersion: 74.0.3729.6 (255758eccf3d24..., userDataDir: C:\Users\ANEESI~1.SHA\AppDa...}, cssSelectorsEnabled: true, databaseEnabled: false, goog:chromeOptions: {debuggerAddress: localhost:55490}, handlesAlerts: true, hasTouchScreen: false, javascriptEnabled: true, locationContextEnabled: true, mobileEmulationEnabled: false, nativeEvents: true, networkConnectionEnabled: false, pageLoadStrategy: normal, platform: XP, platformName: XP, proxy: Proxy(), rotatable: false, setWindowRect: true, strictFileInteractability: false, takesHeapSnapshot: true, takesScreenshot: true, timeouts: {implicit: 0, pageLoad: 300000, script: 30000}, unexpectedAlertBehaviour: ignore, unhandledPromptBehavior: ignore, version: 74.0.3729.157, webStorageEnabled: true}
Session ID: 32e776920e1e13751037f10eefe43248
	at sun.reflect.NativeConstructorAccessorImpl.newInstance0(Native Method)
	at sun.reflect.NativeConstructorAccessorImpl.newInstance(NativeConstructorAccessorImpl.java:62)
	at sun.reflect.DelegatingConstructorAccessorImpl.newInstance(DelegatingConstructorAccessorImpl.java:45)
	at java.lang.reflect.Constructor.newInstance(Constructor.java:423)
	at org.openqa.selenium.remote.ErrorHandler.createThrowable(ErrorHandler.java:214)
	at org.openqa.selenium.remote.ErrorHandler.throwIfResponseFailed(ErrorHandler.java:166)
	at org.openqa.selenium.remote.http.JsonHttpResponseCodec.reconstructValue(JsonHttpResponseCodec.java:40)
	at org.openqa.selenium.remote.http.AbstractHttpResponseCodec.decode(AbstractHttpResponseCodec.java:80)
	at org.openqa.selenium.remote.http.AbstractHttpResponseCodec.decode(AbstractHttpResponseCodec.java:44)
	at org.openqa.selenium.remote.HttpCommandExecutor.execute(HttpCommandExecutor.java:158)
	at org.openqa.selenium.remote.service.DriverCommandExecutor.execute(DriverCommandExecutor.java:83)
	at org.openqa.selenium.remote.RemoteWebDriver.execute(RemoteWebDriver.java:552)
	at org.openqa.selenium.remote.RemoteWebDriver.execute(RemoteWebDriver.java:609)
	at org.openqa.selenium.remote.RemoteWebDriver.getScreenshotAs(RemoteWebDriver.java:295)
	at com.RM.Generic.GenericMethods2.captureScreenshot(GenericMethods2.java:1053)
	at com.RM.Generic.GenericMethods2.logFail(GenericMethods2.java:119)
	at com.RM.Main_Scripts.Add_New_User_Main_Test.Mandatory_Check(Add_New_User_Main_Test.java:66)
	at sun.reflect.NativeMethodAccessorImpl.invoke0(Native Method)
	at sun.reflect.NativeMethodAccessorImpl.invoke(NativeMethodAccessorImpl.java:62)
	at sun.reflect.DelegatingMethodAccessorImpl.invoke(DelegatingMethodAccessorImpl.java:43)
	at java.lang.reflect.Method.invoke(Method.java:498)
	at org.testng.internal.MethodInvocationHelper.invokeMethod(MethodInvocationHelper.java:124)
	at org.testng.internal.Invoker.invokeMethod(Invoker.java:580)
	at org.testng.internal.Invoker.invokeTestMethod(Invoker.java:716)
	at org.testng.internal.Invoker.invokeTestMethods(Invoker.java:988)
	at org.testng.internal.TestMethodWorker.invokeTestMethods(TestMethodWorker.java:125)
	at org.testng.internal.TestMethodWorker.run(TestMethodWorker.java:109)
	at org.testng.TestRunner.privateRun(TestRunner.java:648)
	at org.testng.TestRunner.run(TestRunner.java:505)
	at org.testng.SuiteRunner.runTest(SuiteRunner.java:455)
	at org.testng.SuiteRunner.runSequentially(SuiteRunner.java:450)
	at org.testng.SuiteRunner.privateRun(SuiteRunner.java:415)
	at org.testng.SuiteRunner.run(SuiteRunner.java:364)
	at org.testng.SuiteRunnerWorker.runSuite(SuiteRunnerWorker.java:52)
	at org.testng.SuiteRunnerWorker.run(SuiteRunnerWorker.java:84)
	at org.testng.TestNG.runSuitesSequentially(TestNG.java:1208)
	at org.testng.TestNG.runSuitesLocally(TestNG.java:1137)
	at org.testng.TestNG.runSuites(TestNG.java:1049)
	at org.testng.TestNG.run(TestNG.java:1017)
	at org.testng.remote.AbstractRemoteTestNG.run(AbstractRemoteTestNG.java:114)
	at org.testng.remote.RemoteTestNG.initAndRun(RemoteTestNG.java:251)
	at org.testng.remote.RemoteTestNG.main(RemoteTestNG.java:77)
</div></td></tr></table><p class="totop"><a href="#summary">back to summary</a></p>
<h3 id="m3">com.RM.Main_Scripts.Add_New_User_Main_Test#Add_New_user_Data_Entry</h3><table class="result"><tr class="param"><th>Parameter #1</th><th>Parameter #2</th><th>Parameter #3</th><th>Parameter #4</th><th>Parameter #5</th><th>Parameter #6</th><th>Parameter #7</th><th>Parameter #8</th><th>Parameter #9</th><th>Parameter #10</th><th>Parameter #11</th><th>Parameter #12</th><th>Parameter #13</th><th>Parameter #14</th><th>Parameter #15</th><th>Parameter #16</th><th>Parameter #17</th><th>Parameter #18</th><th>Parameter #19</th><th>Parameter #20</th><th>Parameter #21</th><th>Parameter #22</th><th>Parameter #23</th><th>Parameter #24</th><th>Parameter #25</th><th>Parameter #26</th><th>Parameter #27</th><th>Parameter #28</th><th>Parameter #29</th><th>Parameter #30</th><th>Parameter #31</th><th>Parameter #32</th><th>Parameter #33</th><th>Parameter #34</th><th>Parameter #35</th><th>Parameter #36</th><th>Parameter #37</th><th>Parameter #38</th><th>Parameter #39</th><th>Parameter #40</th><th>Parameter #41</th><th>Parameter #42</th><th>Parameter #43</th><th>Parameter #44</th><th>Parameter #45</th><th>Parameter #46</th><th>Parameter #47</th><th>Parameter #48</th><th>Parameter #49</th><th>Parameter #50</th><th>Parameter #51</th><th>Parameter #52</th><th>Parameter #53</th><th>Parameter #54</th><th>Parameter #55</th><th>Parameter #56</th><th>Parameter #57</th></tr><tr class="param stripe"><td>N</td><td>Mandatory Check</td><td>Mandatory Check</td><td></td><td></td><td></td><td></td><td></td><td></td><td></td><td></td><td></td><td></td><td></td><td></td><td></td><td></td><td></td><td></td><td></td><td></td><td></td><td></td><td></td><td></td><td></td><td></td><td></td><td></td><td></td><td></td><td></td><td></td><td></td><td></td><td></td><td></td><td></td><td></td><td></td><td></td><td></td><td></td><td></td><td></td><td></td><td></td><td></td><td></td><td></td><td></td><td></td><td></td><td></td><td></td><td></td><td></td></tr></table><p class="totop"><a href="#summary">back to summary</a></p>
<h3 id="m4">com.RM.Main_Scripts.Add_New_User_Main_Test#Add_New_user_Data_Entry</h3><table class="result"><tr class="param"><th>Parameter #1</th><th>Parameter #2</th><th>Parameter #3</th><th>Parameter #4</th><th>Parameter #5</th><th>Parameter #6</th><th>Parameter #7</th><th>Parameter #8</th><th>Parameter #9</th><th>Parameter #10</th><th>Parameter #11</th><th>Parameter #12</th><th>Parameter #13</th><th>Parameter #14</th><th>Parameter #15</th><th>Parameter #16</th><th>Parameter #17</th><th>Parameter #18</th><th>Parameter #19</th><th>Parameter #20</th><th>Parameter #21</th><th>Parameter #22</th><th>Parameter #23</th><th>Parameter #24</th><th>Parameter #25</th><th>Parameter #26</th><th>Parameter #27</th><th>Parameter #28</th><th>Parameter #29</th><th>Parameter #30</th><th>Parameter #31</th><th>Parameter #32</th><th>Parameter #33</th><th>Parameter #34</th><th>Parameter #35</th><th>Parameter #36</th><th>Parameter #37</th><th>Parameter #38</th><th>Parameter #39</th><th>Parameter #40</th><th>Parameter #41</th><th>Parameter #42</th><th>Parameter #43</th><th>Parameter #44</th><th>Parameter #45</th><th>Parameter #46</th><th>Parameter #47</th><th>Parameter #48</th><th>Parameter #49</th><th>Parameter #50</th><th>Parameter #51</th><th>Parameter #52</th><th>Parameter #53</th><th>Parameter #54</th><th>Parameter #55</th><th>Parameter #56</th><th>Parameter #57</th></tr><tr class="param stripe"><td>N</td><td>Add User and Detials</td><td>Add User and Detials</td><td>AUTOTEST4</td><td>Mr.</td><td>No</td><td>AutoOne</td><td>Middle</td><td>LastOne</td><td>AutomaticOne</td><td>AUTOTEST1</td><td>11257781</td><td>11257781</td><td>1/1/2017</td><td>Y</td><td>1/1/2017</td><td>Resi Mortgage Default</td><td>FNMA</td><td>New</td><td>ASD</td><td>Associate</td><td>SA-Babcock</td><td>Training-Seat</td><td>Automation</td><td>New123</td><td>Service Provider</td><td>OJT</td><td>3/1/2017</td><td>automato.guy</td><td>automato.guy</td><td>Y</td><td>new123$</td><td>Y</td><td></td><td></td><td></td><td></td><td></td><td></td><td></td><td></td><td></td><td></td><td></td><td></td><td></td><td></td><td></td><td></td><td></td><td></td><td></td><td></td><td></td><td></td><td></td><td></td></tr></table><p class="totop"><a href="#summary">back to summary</a></p>
<h3 id="m5">com.RM.Main_Scripts.Add_New_User_Main_Test#Add_New_user_Data_Entry</h3><table class="result"><tr class="param"><th>Parameter #1</th><th>Parameter #2</th><th>Parameter #3</th><th>Parameter #4</th><th>Parameter #5</th><th>Parameter #6</th><th>Parameter #7</th><th>Parameter #8</th><th>Parameter #9</th><th>Parameter #10</th><th>Parameter #11</th><th>Parameter #12</th><th>Parameter #13</th><th>Parameter #14</th><th>Parameter #15</th><th>Parameter #16</th><th>Parameter #17</th><th>Parameter #18</th><th>Parameter #19</th><th>Parameter #20</th><th>Parameter #21</th><th>Parameter #22</th><th>Parameter #23</th><th>Parameter #24</th><th>Parameter #25</th><th>Parameter #26</th><th>Parameter #27</th><th>Parameter #28</th><th>Parameter #29</th><th>Parameter #30</th><th>Parameter #31</th><th>Parameter #32</th><th>Parameter #33</th><th>Parameter #34</th><th>Parameter #35</th><th>Parameter #36</th><th>Parameter #37</th><th>Parameter #38</th><th>Parameter #39</th><th>Parameter #40</th><th>Parameter #41</th><th>Parameter #42</th><th>Parameter #43</th><th>Parameter #44</th><th>Parameter #45</th><th>Parameter #46</th><th>Parameter #47</th><th>Parameter #48</th><th>Parameter #49</th><th>Parameter #50</th><th>Parameter #51</th><th>Parameter #52</th><th>Parameter #53</th><th>Parameter #54</th><th>Parameter #55</th><th>Parameter #56</th><th>Parameter #57</th></tr><tr class="param stripe"><td>n</td><td>Add User and ContactInfo Detials</td><td>Add User and ContactInfo Detials</td><td>AUTOTEST7</td><td>Mr.</td><td>No</td><td>AutoSeven</td><td>Middle</td><td>LastOne</td><td>AutomaticOne</td><td>AUTOTEST7</td><td>11257781</td><td>11257781</td><td>3/1/2017</td><td>Y</td><td>3/1/2017</td><td>Resi Mortgage Default</td><td>FNMA</td><td>New</td><td>ASD</td><td>Associate</td><td>SA-Babcock</td><td>Training-Seat</td><td>Automation</td><td>New123</td><td>Service Provider</td><td>OJT</td><td>3/1/2017</td><td>autoeven.guy</td><td>aufisixo.guy</td><td>Y</td><td>new123$</td><td>Y</td><td>Y</td><td>Work</td><td>autoeven.guy@acc.in</td><td>Y</td><td>WORK</td><td>123</td><td>123</td><td>12</td><td>Y</td><td>WORK</td><td>ABCD</td><td>ABCD</td><td>ABCD</td><td>ABCD</td><td>ABCD</td><td>ABCD</td><td>123123</td><td>Y</td><td>3-3-1995</td><td>Married</td><td>3-3-2023</td><td>1232131</td><td>autoeven.guy</td><td>abc,adf</td></tr></table><p class="totop"><a href="#summary">back to summary</a></p>
<h3 id="m6">com.RM.Main_Scripts.Add_New_User_Main_Test#tear</h3><table class="result"><tr><th class="invisible"/></tr></table><p class="totop"><a href="#summary">back to summary</a></p>
</body>
</html>
